
** 2014-04-05 17:24:08.642707 **:
MarGo: MarGo build failed
cmd: `['', 'build', '-v', '-x', '-o', 'gosublime.margo_r13.12.26-3_go?.exe', 'gosubli.me/margo']`
stdout: ``
stderr: ``
exception: `Cannot find command `go``
--------------------------------

** 2014-04-05 17:24:08.674286 **:
MarGo: Missing required environment variables: GOROOT GOPATH
See the `Quirks` section of USAGE.md for info
--------------------------------

** 2014-04-05 17:33:37.815914 **:
MarGo: MarGo build failed
cmd: `['', 'build', '-v', '-x', '-o', 'gosublime.margo_r13.12.26-3_go?.exe', 'gosubli.me/margo']`
stdout: ``
stderr: ``
exception: `Cannot find command `go``
--------------------------------

** 2014-04-05 17:33:37.819313 **:
MarGo: Missing required environment variables: GOROOT GOPATH
See the `Quirks` section of USAGE.md for info
--------------------------------

** 2014-04-05 17:52:57.879062 **:
MarGo: MarGo build failed
cmd: `['', 'build', '-v', '-x', '-o', 'gosublime.margo_r13.12.26-3_go?.exe', 'gosubli.me/margo']`
stdout: ``
stderr: ``
exception: `Cannot find command `go``
--------------------------------

** 2014-04-05 17:52:57.883903 **:
MarGo: Missing required environment variables: GOROOT GOPATH
See the `Quirks` section of USAGE.md for info
--------------------------------

** 2014-04-05 17:55:28.034739 **:
MarGo: MarGo build failed
cmd: `['', 'build', '-v', '-x', '-o', 'gosublime.margo_r13.12.26-3_go?.exe', 'gosubli.me/margo']`
stdout: ``
stderr: ``
exception: `Cannot find command `go``
--------------------------------

** 2014-04-05 17:55:28.039216 **:
MarGo: Missing required environment variables: GOROOT GOPATH
See the `Quirks` section of USAGE.md for info
--------------------------------

** 2014-04-05 18:00:08.465542 **:
MarGo: MarGo build failed
cmd: `['', 'build', '-v', '-x', '-o', 'gosublime.margo_r13.12.26-3_go?.exe', 'gosubli.me/margo']`
stdout: ``
stderr: ``
exception: `Cannot find command `go``
--------------------------------

** 2014-04-05 18:00:08.469896 **:
MarGo: Missing required environment variables: GOROOT GOPATH
See the `Quirks` section of USAGE.md for info
--------------------------------

** 2014-04-05 18:05:27.283532 **:
MarGo: MarGo build failed
cmd: `['', 'build', '-v', '-x', '-o', 'gosublime.margo_r13.12.26-3_go?.exe', 'gosubli.me/margo']`
stdout: ``
stderr: ``
exception: `Cannot find command `go``
--------------------------------

** 2014-04-05 18:05:27.292111 **:
MarGo: Missing required environment variables: GOROOT GOPATH
See the `Quirks` section of USAGE.md for info
--------------------------------

** 2014-04-05 18:13:42.034882 **:
MarGo: MarGo build failed
cmd: `['', 'build', '-v', '-x', '-o', 'gosublime.margo_r13.12.26-3_go?.exe', 'gosubli.me/margo']`
stdout: ``
stderr: ``
exception: `Cannot find command `go``
--------------------------------

** 2014-04-05 18:13:42.039475 **:
MarGo: Missing required environment variables: GOROOT GOPATH
See the `Quirks` section of USAGE.md for info
--------------------------------

** 2014-04-05 21:50:53.123117 **:
MarGo: MarGo build failed
cmd: `['', 'build', '-v', '-x', '-o', 'gosublime.margo_r13.12.26-3_go?.exe', 'gosubli.me/margo']`
stdout: ``
stderr: ``
exception: `Cannot find command `go``
--------------------------------

** 2014-04-05 21:50:53.161358 **:
MarGo: Missing required environment variables: GOROOT GOPATH
See the `Quirks` section of USAGE.md for info
--------------------------------

** 2014-04-06 11:05:58.656088 **:
MarGo: MarGo build failed
cmd: `['', 'build', '-v', '-x', '-o', 'gosublime.margo_r13.12.26-3_go?.exe', 'gosubli.me/margo']`
stdout: ``
stderr: ``
exception: `Cannot find command `go``
--------------------------------

** 2014-04-06 11:05:58.669935 **:
MarGo: Missing required environment variables: GOROOT GOPATH
See the `Quirks` section of USAGE.md for info
--------------------------------

** 2014-04-07 08:50:20.914134 **:
MarGo: MarGo build failed
cmd: `['', 'build', '-v', '-x', '-o', 'gosublime.margo_r13.12.26-3_go?.exe', 'gosubli.me/margo']`
stdout: ``
stderr: ``
exception: `Cannot find command `go``
--------------------------------

** 2014-04-07 08:50:20.925407 **:
MarGo: Missing required environment variables: GOROOT GOPATH
See the `Quirks` section of USAGE.md for info
--------------------------------

** 2014-04-09 19:39:31.391080 **:
MarGo: MarGo build failed
cmd: `['', 'build', '-v', '-x', '-o', 'gosublime.margo_r13.12.26-3_go?.exe', 'gosubli.me/margo']`
stdout: ``
stderr: ``
exception: `Cannot find command `go``
--------------------------------

** 2014-04-09 19:39:31.404400 **:
MarGo: Missing required environment variables: GOROOT GOPATH
See the `Quirks` section of USAGE.md for info
--------------------------------

** 2014-04-13 18:12:46.736544 **:
MarGo: MarGo build failed
cmd: `['', 'build', '-v', '-x', '-o', 'gosublime.margo_r13.12.26-3_go?.exe', 'gosubli.me/margo']`
stdout: ``
stderr: ``
exception: `Cannot find command `go``
--------------------------------

** 2014-04-13 18:12:46.745054 **:
MarGo: Missing required environment variables: GOROOT GOPATH
See the `Quirks` section of USAGE.md for info
--------------------------------

** 2014-04-24 14:47:58.707801 **:
MarGo: MarGo build failed
cmd: `['', 'build', '-v', '-x', '-o', 'gosublime.margo_r13.12.26-3_go?.exe', 'gosubli.me/margo']`
stdout: ``
stderr: ``
exception: `Cannot find command `go``
--------------------------------

** 2014-04-24 14:47:58.732001 **:
MarGo: Missing required environment variables: GOROOT GOPATH
See the `Quirks` section of USAGE.md for info
--------------------------------

** 2014-05-17 09:30:25.156856 **:
MarGo: MarGo build failed
cmd: `['', 'build', '-v', '-x', '-o', 'gosublime.margo_r13.12.26-3_go?.exe', 'gosubli.me/margo']`
stdout: ``
stderr: ``
exception: `Cannot find command `go``
--------------------------------

** 2014-05-17 09:30:25.161800 **:
MarGo: Missing required environment variables: GOROOT GOPATH
See the `Quirks` section of USAGE.md for info
--------------------------------

** 2014-05-22 09:28:47.934468 **:
MarGo: MarGo build failed
cmd: `['', 'build', '-v', '-x', '-o', 'gosublime.margo_r13.12.26-3_go?.exe', 'gosubli.me/margo']`
stdout: ``
stderr: ``
exception: `Cannot find command `go``
--------------------------------

** 2014-05-22 09:28:47.939981 **:
MarGo: Missing required environment variables: GOROOT GOPATH
See the `Quirks` section of USAGE.md for info
--------------------------------

** 2014-05-25 11:02:53.475221 **:
MarGo: MarGo build failed
cmd: `['', 'build', '-v', '-x', '-o', 'gosublime.margo_r13.12.26-3_go?.exe', 'gosubli.me/margo']`
stdout: ``
stderr: ``
exception: `Cannot find command `go``
--------------------------------

** 2014-05-25 11:02:53.480751 **:
MarGo: Missing required environment variables: GOROOT GOPATH
See the `Quirks` section of USAGE.md for info
--------------------------------

** 2014-05-29 13:09:34.036349 **:
MarGo: MarGo build failed
cmd: `['', 'build', '-v', '-x', '-o', 'gosublime.margo_r13.12.26-3_go?.exe', 'gosubli.me/margo']`
stdout: ``
stderr: ``
exception: `Cannot find command `go``
--------------------------------

** 2014-05-29 13:09:34.041608 **:
MarGo: Missing required environment variables: GOROOT GOPATH
See the `Quirks` section of USAGE.md for info
--------------------------------

** 2014-06-04 14:42:39.686145 **:
MarGo: MarGo build failed
cmd: `['', 'build', '-v', '-x', '-o', 'gosublime.margo_r13.12.26-3_go?.exe', 'gosubli.me/margo']`
stdout: ``
stderr: ``
exception: `Cannot find command `go``
--------------------------------

** 2014-06-04 14:42:39.691366 **:
MarGo: Missing required environment variables: GOROOT GOPATH
See the `Quirks` section of USAGE.md for info
--------------------------------

** 2014-06-08 14:38:39.380298 **:
MarGo: MarGo build failed
cmd: `['', 'build', '-v', '-x', '-o', 'gosublime.margo_r13.12.26-3_go?.exe', 'gosubli.me/margo']`
stdout: ``
stderr: ``
exception: `Cannot find command `go``
--------------------------------

** 2014-06-08 14:38:39.385644 **:
MarGo: Missing required environment variables: GOROOT GOPATH
See the `Quirks` section of USAGE.md for info
--------------------------------

** 2014-06-11 07:50:26.973984 **:
MarGo: MarGo build failed
cmd: `['', 'build', '-v', '-x', '-o', 'gosublime.margo_r13.12.26-3_go?.exe', 'gosubli.me/margo']`
stdout: ``
stderr: ``
exception: `Cannot find command `go``
--------------------------------

** 2014-06-11 07:50:26.985630 **:
MarGo: Missing required environment variables: GOROOT GOPATH
See the `Quirks` section of USAGE.md for info
--------------------------------

** 2014-06-19 13:25:39.173482 **:
MarGo: MarGo build failed
cmd: `['', 'build', '-v', '-x', '-o', 'gosublime.margo_r13.12.26-3_go?.exe', 'gosubli.me/margo']`
stdout: ``
stderr: ``
exception: `Cannot find command `go``
--------------------------------

** 2014-06-19 13:25:39.183771 **:
MarGo: Missing required environment variables: GOROOT GOPATH
See the `Quirks` section of USAGE.md for info
--------------------------------

** 2014-06-20 10:31:02.636705 **:
MarGo: MarGo build failed
cmd: `['', 'build', '-v', '-x', '-o', 'gosublime.margo_r13.12.26-3_go?.exe', 'gosubli.me/margo']`
stdout: ``
stderr: ``
exception: `Cannot find command `go``
--------------------------------

** 2014-06-20 10:31:02.650186 **:
MarGo: Missing required environment variables: GOROOT GOPATH
See the `Quirks` section of USAGE.md for info
--------------------------------

** 2014-06-21 22:17:10.805310 **:
GsComplete: Abort. Cannot start MarGo: Exception: Cannot find command `/Users/heckfi/Library/Application Support/Sublime Text 3/Packages/User/GoSublime/osx-x64/bin/gosublime.margo_r13.12.26-3_go?.exe`
--------------------------------

** 2014-06-21 22:17:12.010179 **:
GsComplete: Abort. Cannot start MarGo: Exception: Cannot find command `/Users/heckfi/Library/Application Support/Sublime Text 3/Packages/User/GoSublime/osx-x64/bin/gosublime.margo_r13.12.26-3_go?.exe`
--------------------------------

** 2014-06-21 22:17:12.501226 **:
GsComplete: Abort. Cannot start MarGo: Exception: Cannot find command `/Users/heckfi/Library/Application Support/Sublime Text 3/Packages/User/GoSublime/osx-x64/bin/gosublime.margo_r13.12.26-3_go?.exe`
--------------------------------

** 2014-06-21 22:17:12.643314 **:
GsComplete: Abort. Cannot start MarGo: Exception: Cannot find command `/Users/heckfi/Library/Application Support/Sublime Text 3/Packages/User/GoSublime/osx-x64/bin/gosublime.margo_r13.12.26-3_go?.exe`
--------------------------------

** 2014-06-21 22:17:12.835796 **:
GsComplete: Abort. Cannot start MarGo: Exception: Cannot find command `/Users/heckfi/Library/Application Support/Sublime Text 3/Packages/User/GoSublime/osx-x64/bin/gosublime.margo_r13.12.26-3_go?.exe`
--------------------------------

** 2014-06-21 22:17:16.818969 **:
GsComplete: Abort. Cannot start MarGo: Exception: Cannot find command `/Users/heckfi/Library/Application Support/Sublime Text 3/Packages/User/GoSublime/osx-x64/bin/gosublime.margo_r13.12.26-3_go?.exe`
--------------------------------

** 2014-06-21 22:17:16.987438 **:
GsComplete: Abort. Cannot start MarGo: Exception: Cannot find command `/Users/heckfi/Library/Application Support/Sublime Text 3/Packages/User/GoSublime/osx-x64/bin/gosublime.margo_r13.12.26-3_go?.exe`
--------------------------------

** 2014-06-21 22:17:17.108387 **:
GsComplete: Abort. Cannot start MarGo: Exception: Cannot find command `/Users/heckfi/Library/Application Support/Sublime Text 3/Packages/User/GoSublime/osx-x64/bin/gosublime.margo_r13.12.26-3_go?.exe`
--------------------------------

** 2014-06-21 22:17:17.172222 **:
GsComplete: Abort. Cannot start MarGo: Exception: Cannot find command `/Users/heckfi/Library/Application Support/Sublime Text 3/Packages/User/GoSublime/osx-x64/bin/gosublime.margo_r13.12.26-3_go?.exe`
--------------------------------

** 2014-06-21 22:17:17.316978 **:
GsComplete: Abort. Cannot start MarGo: Exception: Cannot find command `/Users/heckfi/Library/Application Support/Sublime Text 3/Packages/User/GoSublime/osx-x64/bin/gosublime.margo_r13.12.26-3_go?.exe`
--------------------------------

** 2014-06-21 22:17:17.540806 **:
GsComplete: Abort. Cannot start MarGo: Exception: Cannot find command `/Users/heckfi/Library/Application Support/Sublime Text 3/Packages/User/GoSublime/osx-x64/bin/gosublime.margo_r13.12.26-3_go?.exe`
--------------------------------

** 2014-06-21 22:17:17.819630 **:
GsComplete: Abort. Cannot start MarGo: Exception: Cannot find command `/Users/heckfi/Library/Application Support/Sublime Text 3/Packages/User/GoSublime/osx-x64/bin/gosublime.margo_r13.12.26-3_go?.exe`
--------------------------------

** 2014-06-21 23:13:19.188860 **:
GsComplete: Abort. Cannot start MarGo: Exception: Cannot find command `/Users/heckfi/Library/Application Support/Sublime Text 3/Packages/User/GoSublime/osx-x64/bin/gosublime.margo_r13.12.26-3_go?.exe`
--------------------------------

** 2014-06-21 23:13:19.318859 **:
GsComplete: Abort. Cannot start MarGo: Exception: Cannot find command `/Users/heckfi/Library/Application Support/Sublime Text 3/Packages/User/GoSublime/osx-x64/bin/gosublime.margo_r13.12.26-3_go?.exe`
--------------------------------

** 2014-06-21 23:13:19.454120 **:
GsComplete: Abort. Cannot start MarGo: Exception: Cannot find command `/Users/heckfi/Library/Application Support/Sublime Text 3/Packages/User/GoSublime/osx-x64/bin/gosublime.margo_r13.12.26-3_go?.exe`
--------------------------------

** 2014-06-21 23:13:19.551858 **:
GsComplete: Abort. Cannot start MarGo: Exception: Cannot find command `/Users/heckfi/Library/Application Support/Sublime Text 3/Packages/User/GoSublime/osx-x64/bin/gosublime.margo_r13.12.26-3_go?.exe`
--------------------------------

** 2014-06-21 23:13:19.649037 **:
GsComplete: Abort. Cannot start MarGo: Exception: Cannot find command `/Users/heckfi/Library/Application Support/Sublime Text 3/Packages/User/GoSublime/osx-x64/bin/gosublime.margo_r13.12.26-3_go?.exe`
--------------------------------

** 2014-06-21 23:13:19.992033 **:
GsComplete: Abort. Cannot start MarGo: Exception: Cannot find command `/Users/heckfi/Library/Application Support/Sublime Text 3/Packages/User/GoSublime/osx-x64/bin/gosublime.margo_r13.12.26-3_go?.exe`
--------------------------------

** 2014-06-21 23:13:20.311714 **:
GsComplete: Abort. Cannot start MarGo: Exception: Cannot find command `/Users/heckfi/Library/Application Support/Sublime Text 3/Packages/User/GoSublime/osx-x64/bin/gosublime.margo_r13.12.26-3_go?.exe`
--------------------------------

** 2014-06-30 19:37:29.887944 **:
MarGo: Missing required environment variables: GOPATH
See the `Quirks` section of USAGE.md for info
--------------------------------

** 2014-07-01 15:48:11.576662 **:
MarGo: Missing required environment variables: GOPATH
See the `Quirks` section of USAGE.md for info
--------------------------------

** 2014-07-02 18:02:35.008825 **:
MarGo: Missing required environment variables: GOPATH
See the `Quirks` section of USAGE.md for info
--------------------------------

** 2014-07-09 00:55:36.042801 **:
MarGo: Missing required environment variables: GOPATH
See the `Quirks` section of USAGE.md for info
--------------------------------

** 2014-07-10 07:56:08.690882 **:
MarGo: Missing required environment variables: GOPATH
See the `Quirks` section of USAGE.md for info
--------------------------------

** 2014-07-11 11:31:11.360941 **:
MarGo: Missing required environment variables: GOPATH
See the `Quirks` section of USAGE.md for info
--------------------------------

** 2014-07-16 15:12:18.686577 **:
MarGo: Missing required environment variables: GOPATH
See the `Quirks` section of USAGE.md for info
--------------------------------

** 2014-07-16 23:58:50.755295 **:
MarGo: Missing required environment variables: GOPATH
See the `Quirks` section of USAGE.md for info
--------------------------------

** 2014-07-19 15:02:24.948885 **:
MarGo: Missing required environment variables: GOPATH
See the `Quirks` section of USAGE.md for info
--------------------------------

** 2014-07-22 12:14:29.540720 **:
MarGo: Missing required environment variables: GOPATH
See the `Quirks` section of USAGE.md for info
--------------------------------

** 2014-07-28 08:29:55.796146 **:
MarGo: Missing required environment variables: GOPATH
See the `Quirks` section of USAGE.md for info
--------------------------------

** 2014-07-30 13:48:00.103450 **:
MarGo: Missing required environment variables: GOPATH
See the `Quirks` section of USAGE.md for info
--------------------------------

** 2014-07-31 09:45:59.052793 **:
MarGo: Missing required environment variables: GOPATH
See the `Quirks` section of USAGE.md for info
--------------------------------

** 2014-08-04 08:26:04.967354 **:
MarGo: Missing required environment variables: GOPATH
See the `Quirks` section of USAGE.md for info
--------------------------------

** 2014-08-05 08:02:15.994851 **:
MarGo: Missing required environment variables: GOPATH
See the `Quirks` section of USAGE.md for info
--------------------------------

** 2014-08-11 19:20:39.679487 **:
MarGo: Missing required environment variables: GOPATH
See the `Quirks` section of USAGE.md for info
--------------------------------

** 2014-08-12 14:50:35.194884 **:
MarGo: Missing required environment variables: GOPATH
See the `Quirks` section of USAGE.md for info
--------------------------------

** 2014-08-14 08:15:02.324087 **:
MarGo: Missing required environment variables: GOPATH
See the `Quirks` section of USAGE.md for info
--------------------------------

** 2014-08-14 09:39:35.174902 **:
MarGo: Missing required environment variables: GOPATH
See the `Quirks` section of USAGE.md for info
--------------------------------

** 2014-08-14 09:41:20.777033 **:
MarGo: Missing required environment variables: GOPATH
See the `Quirks` section of USAGE.md for info
--------------------------------

** 2014-08-14 09:47:34.279685 **:
MarGo: Missing required environment variables: GOPATH
See the `Quirks` section of USAGE.md for info
--------------------------------

** 2014-08-14 09:48:50.074421 **:
MarGo: Missing required environment variables: GOPATH
See the `Quirks` section of USAGE.md for info
--------------------------------

** 2014-08-14 10:34:14.559658 **:
MarGo: Missing required environment variables: GOPATH
See the `Quirks` section of USAGE.md for info
--------------------------------

** 2014-08-14 10:40:59.750924 **:
MarGo: Missing required environment variables: GOPATH
See the `Quirks` section of USAGE.md for info
--------------------------------

** 2014-08-15 09:22:09.247778 **:
MarGo: Missing required environment variables: GOPATH
See the `Quirks` section of USAGE.md for info
--------------------------------

** 2014-08-15 09:22:59.442955 **:
MarGo: Missing required environment variables: GOPATH
See the `Quirks` section of USAGE.md for info
--------------------------------

** 2014-08-15 09:31:06.642312 **:
MarGo: Missing required environment variables: GOPATH
See the `Quirks` section of USAGE.md for info
--------------------------------

** 2014-08-15 09:47:34.874859 **:
MarGo: Missing required environment variables: GOPATH
See the `Quirks` section of USAGE.md for info
--------------------------------

** 2014-08-15 10:58:16.654948 **:
MarGo: Missing required environment variables: GOPATH
See the `Quirks` section of USAGE.md for info
--------------------------------

** 2014-08-15 10:59:45.186132 **:
MarGo: Missing required environment variables: GOPATH
See the `Quirks` section of USAGE.md for info
--------------------------------
